# JRE version: OpenJDK Runtime Environment (11.0.11+9) (build 11.0.11+9-b60-7590822)
# Java VM: OpenJDK 64-Bit Server VM (11.0.11+9-b60-7590822, mixed mode, tiered, compressed oops, g1 gc, windows-amd64)
Heap:
 garbage-first heap   total 129024K, used 114823K [0x00000000a0000000, 0x0000000100000000)
  region size 1024K, 2 young (2048K), 1 survivors (1024K)
 Metaspace       used 80467K, capacity 83914K, committed 84260K, reserved 1122304K
  class space    used 10508K, capacity 11525K, committed 11648K, reserved 1048576K
GC Heap History (20 events):
Event: 188.521 GC heap before
{Heap before GC invocations=50 (full 0):
 garbage-first heap   total 129024K, used 114193K [0x00000000a0000000, 0x0000000100000000)
  region size 1024K, 6 young (6144K), 1 survivors (1024K)
 Metaspace       used 77346K, capacity 80738K, committed 81060K, reserved 1120256K
  class space    used 10105K, capacity 11144K, committed 11264K, reserved 1048576K
}
Event: 188.525 GC heap after
{Heap after GC invocations=51 (full 0):
 garbage-first heap   total 129024K, used 109215K [0x00000000a0000000, 0x0000000100000000)
  region size 1024K, 1 young (1024K), 1 survivors (1024K)
 Metaspace       used 77346K, capacity 80738K, committed 81060K, reserved 1120256K
  class space    used 10105K, capacity 11144K, committed 11264K, reserved 1048576K
}
Event: 189.061 GC heap before
{Heap before GC invocations=52 (full 0):
 garbage-first heap   total 129024K, used 114335K [0x00000000a0000000, 0x0000000100000000)
  region size 1024K, 6 young (6144K), 1 survivors (1024K)
 Metaspace       used 77822K, capacity 81310K, committed 81572K, reserved 1120256K
  class space    used 10172K, capacity 11221K, committed 11264K, reserved 1048576K
}
Event: 189.064 GC heap after
{Heap after GC invocations=53 (full 0):
 garbage-first heap   total 129024K, used 109508K [0x00000000a0000000, 0x0000000100000000)
  region size 1024K, 1 young (1024K), 1 survivors (1024K)
 Metaspace       used 77822K, capacity 81310K, committed 81572K, reserved 1120256K
  class space    used 10172K, capacity 11221K, committed 11264K, reserved 1048576K
}
Event: 189.618 GC heap before
{Heap before GC invocations=53 (full 0):
 garbage-first heap   total 129024K, used 113604K [0x00000000a0000000, 0x0000000100000000)
  region size 1024K, 6 young (6144K), 1 survivors (1024K)
 Metaspace       used 78509K, capacity 81935K, committed 82084K, reserved 1120256K
  class space    used 10251K, capacity 11257K, committed 11264K, reserved 1048576K
}
Event: 189.622 GC heap after
{Heap after GC invocations=54 (full 0):
 garbage-first heap   total 129024K, used 109658K [0x00000000a0000000, 0x0000000100000000)
  region size 1024K, 1 young (1024K), 1 survivors (1024K)
 Metaspace       used 78509K, capacity 81935K, committed 82084K, reserved 1120256K
  class space    used 10251K, capacity 11257K, committed 11264K, reserved 1048576K
}
Event: 190.425 GC heap before
{Heap before GC invocations=55 (full 0):
 garbage-first heap   total 129024K, used 114778K [0x00000000a0000000, 0x0000000100000000)
  region size 1024K, 6 young (6144K), 1 survivors (1024K)
 Metaspace       used 78893K, capacity 82363K, committed 82468K, reserved 1120256K
  class space    used 10304K, capacity 11355K, committed 11392K, reserved 1048576K
}
Event: 190.429 GC heap after
{Heap after GC invocations=56 (full 0):
 garbage-first heap   total 129024K, used 110003K [0x00000000a0000000, 0x0000000100000000)
  region size 1024K, 1 young (1024K), 1 survivors (1024K)
 Metaspace       used 78893K, capacity 82363K, committed 82468K, reserved 1120256K
  class space    used 10304K, capacity 11355K, committed 11392K, reserved 1048576K
}
Event: 190.990 GC heap before
{Heap before GC invocations=56 (full 0):
 garbage-first heap   total 129024K, used 115123K [0x00000000a0000000, 0x0000000100000000)
  region size 1024K, 6 young (6144K), 1 survivors (1024K)
 Metaspace       used 79331K, capacity 82780K, committed 82980K, reserved 1120256K
  class space    used 10371K, capacity 11387K, committed 11392K, reserved 1048576K
}
Event: 190.995 GC heap after
{Heap after GC invocations=57 (full 0):
 garbage-first heap   total 129024K, used 110453K [0x00000000a0000000, 0x0000000100000000)
  region size 1024K, 1 young (1024K), 1 survivors (1024K)
 Metaspace       used 79331K, capacity 82780K, committed 82980K, reserved 1120256K
  class space    used 10371K, capacity 11387K, committed 11392K, reserved 1048576K
}
Event: 191.265 GC heap before
{Heap before GC invocations=57 (full 0):
 garbage-first heap   total 129024K, used 115573K [0x00000000a0000000, 0x0000000100000000)
  region size 1024K, 6 young (6144K), 1 survivors (1024K)
 Metaspace       used 79617K, capacity 83005K, committed 83108K, reserved 1120256K
  class space    used 10407K, capacity 11419K, committed 11520K, reserved 1048576K
}
Event: 191.271 GC heap after
{Heap after GC invocations=58 (full 0):
 garbage-first heap   total 129024K, used 110990K [0x00000000a0000000, 0x0000000100000000)
  region size 1024K, 1 young (1024K), 1 survivors (1024K)
 Metaspace       used 79617K, capacity 83005K, committed 83108K, reserved 1120256K
  class space    used 10407K, capacity 11419K, committed 11520K, reserved 1048576K
}
Event: 191.584 GC heap before
{Heap before GC invocations=59 (full 0):
 garbage-first heap   total 129024K, used 116110K [0x00000000a0000000, 0x0000000100000000)
  region size 1024K, 6 young (6144K), 1 survivors (1024K)
 Metaspace       used 79889K, capacity 83256K, committed 83364K, reserved 1122304K
  class space    used 10444K, capacity 11459K, committed 11520K, reserved 1048576K
}
Event: 191.588 GC heap after
{Heap after GC invocations=60 (full 0):
 garbage-first heap   total 129024K, used 111608K [0x00000000a0000000, 0x0000000100000000)
  region size 1024K, 1 young (1024K), 1 survivors (1024K)
 Metaspace       used 79889K, capacity 83256K, committed 83364K, reserved 1122304K
  class space    used 10444K, capacity 11459K, committed 11520K, reserved 1048576K
}
Event: 192.067 GC heap before
{Heap before GC invocations=60 (full 0):
 garbage-first heap   total 129024K, used 116728K [0x00000000a0000000, 0x0000000100000000)
  region size 1024K, 6 young (6144K), 1 survivors (1024K)
 Metaspace       used 80122K, capacity 83580K, committed 83620K, reserved 1122304K
  class space    used 10475K, capacity 11498K, committed 11520K, reserved 1048576K
}
Event: 192.071 GC heap after
{Heap after GC invocations=61 (full 0):
 garbage-first heap   total 129024K, used 112326K [0x00000000a0000000, 0x0000000100000000)
  region size 1024K, 1 young (1024K), 1 survivors (1024K)
 Metaspace       used 80122K, capacity 83580K, committed 83620K, reserved 1122304K
  class space    used 10475K, capacity 11498K, committed 11520K, reserved 1048576K
}
Event: 192.846 GC heap before
{Heap before GC invocations=62 (full 0):
 garbage-first heap   total 129024K, used 117446K [0x00000000a0000000, 0x0000000100000000)
  region size 1024K, 6 young (6144K), 1 survivors (1024K)
 Metaspace       used 80266K, capacity 83610K, committed 83876K, reserved 1122304K
  class space    used 10484K, capacity 11503K, committed 11520K, reserved 1048576K
}
Event: 192.852 GC heap after
{Heap after GC invocations=63 (full 0):
 garbage-first heap   total 129024K, used 113606K [0x00000000a0000000, 0x0000000100000000)
  region size 1024K, 1 young (1024K), 1 survivors (1024K)
 Metaspace       used 80266K, capacity 83610K, committed 83876K, reserved 1122304K
  class space    used 10484K, capacity 11503K, committed 11520K, reserved 1048576K
}
Event: 193.602 GC heap before
{Heap before GC invocations=63 (full 0):
 garbage-first heap   total 129024K, used 118726K [0x00000000a0000000, 0x0000000100000000)
  region size 1024K, 6 young (6144K), 1 survivors (1024K)
 Metaspace       used 80450K, capacity 83839K, committed 84004K, reserved 1122304K
  class space    used 10505K, capacity 11521K, committed 11648K, reserved 1048576K
}
Event: 193.610 GC heap after
{Heap after GC invocations=64 (full 0):
 garbage-first heap   total 129024K, used 114823K [0x00000000a0000000, 0x0000000100000000)
  region size 1024K, 1 young (1024K), 1 survivors (1024K)
 Metaspace       used 80450K, capacity 83839K, committed 84004K, reserved 1122304K
  class space    used 10505K, capacity 11521K, committed 11648K, reserved 1048576K
}

